

*******************************************************************************
Sat Mar 30 21:13:56 2013


FIT:    data read from "data.dat" using 1:2
        format = x:z
        #datapoints = 10
        residuals are weighted equally (unit weight)

function used for fitting: f(x)
fitted parameters initialized with current variable values



 Iteration 0
 WSSR        : 44.6425           delta(WSSR)/WSSR   : 0
 delta(WSSR) : 0                 limit for stopping : 1e-05
 lambda	  : 0.928026

initial set of free parameter values

x0              = -7310
y0              = 19535

After 7 iterations the fit converged.
final sum of squares of residuals : 0.606784
rel. change during last iteration : -3.4398e-12

degrees of freedom    (FIT_NDF)                        : 8
rms of residuals      (FIT_STDFIT) = sqrt(WSSR/ndf)    : 0.275405
variance of residuals (reduced chisquare) = WSSR/ndf   : 0.075848

Final set of parameters            Asymptotic Standard Error
=======================            ==========================

x0              = -7311.98         +/- 0.1486       (0.002032%)
y0              = 19533.7          +/- 0.09455      (0.000484%)


correlation matrix of the fit parameters:

               x0     y0     
x0              1.000 
y0              0.389  1.000 


*******************************************************************************
Sat Mar 30 21:14:05 2013


FIT:    data read from "data.dat" using 1:2
        format = x:z
        #datapoints = 10
        residuals are weighted equally (unit weight)

function used for fitting: f(x)
fitted parameters initialized with current variable values



 Iteration 0
 WSSR        : 0.606784          delta(WSSR)/WSSR   : 0
 delta(WSSR) : 0                 limit for stopping : 1e-05
 lambda	  : 1.05508

initial set of free parameter values

x0              = -7311.98
y0              = 19533.7
r               = 23.16

After 24 iterations the fit converged.
final sum of squares of residuals : 0.579489
rel. change during last iteration : -8.11295e-06

degrees of freedom    (FIT_NDF)                        : 7
rms of residuals      (FIT_STDFIT) = sqrt(WSSR/ndf)    : 0.287722
variance of residuals (reduced chisquare) = WSSR/ndf   : 0.0827841

Final set of parameters            Asymptotic Standard Error
=======================            ==========================

x0              = -7312.14         +/- 0.2867       (0.003922%)
y0              = 19534            +/- 0.4591       (0.00235%)
r               = 22.8298          +/- 0.3803       (1.666%)


correlation matrix of the fit parameters:

               x0     y0     r      
x0              1.000 
y0             -0.786  1.000 
r               0.848 -0.977  1.000 


*******************************************************************************
Sat Mar 30 21:20:03 2013


FIT:    data read from "data1.dat" using 1:2
        format = x:z
        #datapoints = 5
        residuals are weighted equally (unit weight)

function used for fitting: f(x)
fitted parameters initialized with current variable values



 Iteration 0
 WSSR        : 0.303852          delta(WSSR)/WSSR   : 0
 delta(WSSR) : 0                 limit for stopping : 1e-05
 lambda	  : 1.02106

initial set of free parameter values

x0              = -7312.14
y0              = 19534
r               = 22.8298

After 7 iterations the fit converged.
final sum of squares of residuals : 0.000399536
rel. change during last iteration : -4.28307e-06

degrees of freedom    (FIT_NDF)                        : 2
rms of residuals      (FIT_STDFIT) = sqrt(WSSR/ndf)    : 0.0141339
variance of residuals (reduced chisquare) = WSSR/ndf   : 0.000199768

Final set of parameters            Asymptotic Standard Error
=======================            ==========================

x0              = -7311.95         +/- 0.02519      (0.0003445%)
y0              = 19533.6          +/- 0.04373      (0.0002239%)
r               = 23.4387          +/- 0.03862      (0.1648%)


correlation matrix of the fit parameters:

               x0     y0     r      
x0              1.000 
y0             -0.822  1.000 
r               0.869 -0.987  1.000 


*******************************************************************************
Sat Mar 30 21:21:00 2013


FIT:    data read from "data2.dat" using 1:2
        format = x:z
        #datapoints = 5
        residuals are weighted equally (unit weight)

function used for fitting: f(x)
fitted parameters initialized with current variable values



 Iteration 0
 WSSR        : 1.36897           delta(WSSR)/WSSR   : 0
 delta(WSSR) : 0                 limit for stopping : 1e-05
 lambda	  : 1.07566

initial set of free parameter values

x0              = -7311.95
y0              = 19533.6
r               = 23.4387

After 67 iterations the fit converged.
final sum of squares of residuals : 9.03838e-05
rel. change during last iteration : -6.51863e-06

degrees of freedom    (FIT_NDF)                        : 2
rms of residuals      (FIT_STDFIT) = sqrt(WSSR/ndf)    : 0.00672249
variance of residuals (reduced chisquare) = WSSR/ndf   : 4.51919e-05

Final set of parameters            Asymptotic Standard Error
=======================            ==========================

x0              = -7311.92         +/- 0.009079     (0.0001242%)
y0              = 19533.5          +/- 0.01452      (7.436e-05%)
r               = 23.1372          +/- 0.01164      (0.05031%)


correlation matrix of the fit parameters:

               x0     y0     r      
x0              1.000 
y0             -0.800  1.000 
r               0.860 -0.975  1.000 


*******************************************************************************
Sat Mar 30 21:22:34 2013


FIT:    data read from "data.dat" using 1:2
        format = x:z
        #datapoints = 10
        residuals are weighted equally (unit weight)

function used for fitting: f(x)
fitted parameters initialized with current variable values



 Iteration 0
 WSSR        : 1.16833           delta(WSSR)/WSSR   : 0
 delta(WSSR) : 0                 limit for stopping : 1e-05
 lambda	  : 1.06059

initial set of free parameter values

x0              = -7311.92
y0              = 19533.5
r               = 23.1372

After 26 iterations the fit converged.
final sum of squares of residuals : 0.579489
rel. change during last iteration : -9.11975e-06

degrees of freedom    (FIT_NDF)                        : 7
rms of residuals      (FIT_STDFIT) = sqrt(WSSR/ndf)    : 0.287722
variance of residuals (reduced chisquare) = WSSR/ndf   : 0.0827841

Final set of parameters            Asymptotic Standard Error
=======================            ==========================

x0              = -7312.14         +/- 0.2868       (0.003922%)
y0              = 19534            +/- 0.4591       (0.00235%)
r               = 22.8302          +/- 0.3804       (1.666%)


correlation matrix of the fit parameters:

               x0     y0     r      
x0              1.000 
y0             -0.786  1.000 
r               0.848 -0.977  1.000 


*******************************************************************************
Sat Mar 30 21:22:50 2013


FIT:    data read from "data.dat" using 1:2
        format = x:z
        #datapoints = 10
        residuals are weighted equally (unit weight)

function used for fitting: f(x)
fitted parameters initialized with current variable values



 Iteration 0
 WSSR        : 0.579489          delta(WSSR)/WSSR   : 0
 delta(WSSR) : 0                 limit for stopping : 1e-15
 lambda	  : 1.0652

initial set of free parameter values

x0              = -7312.14
y0              = 19534
r               = 22.8302

After 365 iterations the fit converged.
final sum of squares of residuals : 0.579481
rel. change during last iteration : 0

degrees of freedom    (FIT_NDF)                        : 7
rms of residuals      (FIT_STDFIT) = sqrt(WSSR/ndf)    : 0.28772
variance of residuals (reduced chisquare) = WSSR/ndf   : 0.082783

Final set of parameters            Asymptotic Standard Error
=======================            ==========================

x0              = -7312.14         +/- 0.2866       (0.00392%)
y0              = 19534            +/- 0.4588       (0.002349%)
r               = 22.8264          +/- 0.38         (1.665%)


correlation matrix of the fit parameters:

               x0     y0     r      
x0              1.000 
y0             -0.786  1.000 
r               0.848 -0.977  1.000 


*******************************************************************************
Sat Mar 30 21:23:52 2013


FIT:    data read from "data1.dat" using 1:2
        format = x:z
        #datapoints = 5
        residuals are weighted equally (unit weight)

function used for fitting: f(x)
fitted parameters initialized with current variable values



 Iteration 0
 WSSR        : 0.304913          delta(WSSR)/WSSR   : 0
 delta(WSSR) : 0                 limit for stopping : 1e-15
 lambda	  : 1.02114

initial set of free parameter values

x0              = -7312.14
y0              = 19534
r               = 22.8264

After 12 iterations the fit converged.
final sum of squares of residuals : 0.000399536
rel. change during last iteration : 0

degrees of freedom    (FIT_NDF)                        : 2
rms of residuals      (FIT_STDFIT) = sqrt(WSSR/ndf)    : 0.0141339
variance of residuals (reduced chisquare) = WSSR/ndf   : 0.000199768

Final set of parameters            Asymptotic Standard Error
=======================            ==========================

x0              = -7311.95         +/- 0.02519      (0.0003445%)
y0              = 19533.6          +/- 0.04373      (0.0002239%)
r               = 23.4387          +/- 0.03862      (0.1648%)


correlation matrix of the fit parameters:

               x0     y0     r      
x0              1.000 
y0             -0.822  1.000 
r               0.869 -0.987  1.000 


*******************************************************************************
Sat Mar 30 21:25:19 2013


FIT:    data read from "data2.dat" using 1:2
        format = x:z
        #datapoints = 5
        residuals are weighted equally (unit weight)

function used for fitting: f(x)
fitted parameters initialized with current variable values



 Iteration 0
 WSSR        : 1.36897           delta(WSSR)/WSSR   : 0
 delta(WSSR) : 0                 limit for stopping : 1e-15
 lambda	  : 1.07566

initial set of free parameter values

x0              = -7311.95
y0              = 19533.6
r               = 23.4387

After 149 iterations the fit converged.
final sum of squares of residuals : 9.03808e-05
rel. change during last iteration : 0

degrees of freedom    (FIT_NDF)                        : 2
rms of residuals      (FIT_STDFIT) = sqrt(WSSR/ndf)    : 0.00672238
variance of residuals (reduced chisquare) = WSSR/ndf   : 4.51904e-05

Final set of parameters            Asymptotic Standard Error
=======================            ==========================

x0              = -7311.92         +/- 0.009078     (0.0001242%)
y0              = 19533.5          +/- 0.01452      (7.436e-05%)
r               = 23.1371          +/- 0.01164      (0.05031%)


correlation matrix of the fit parameters:

               x0     y0     r      
x0              1.000 
y0             -0.800  1.000 
r               0.860 -0.975  1.000 


*******************************************************************************
Sat Mar 30 21:25:59 2013


FIT:    data read from "data.dat" using 1:2
        format = x:z
        #datapoints = 10
        residuals are weighted equally (unit weight)

function used for fitting: f(x)
fitted parameters initialized with current variable values



 Iteration 0
 WSSR        : 1.16836           delta(WSSR)/WSSR   : 0
 delta(WSSR) : 0                 limit for stopping : 1e-15
 lambda	  : 1.06059

initial set of free parameter values

x0              = -7311.92
y0              = 19533.5
r               = 23.1371

After 352 iterations the fit converged.
final sum of squares of residuals : 0.579481
rel. change during last iteration : 0

degrees of freedom    (FIT_NDF)                        : 7
rms of residuals      (FIT_STDFIT) = sqrt(WSSR/ndf)    : 0.28772
variance of residuals (reduced chisquare) = WSSR/ndf   : 0.082783

Final set of parameters            Asymptotic Standard Error
=======================            ==========================

x0              = -7312.14         +/- 0.2866       (0.00392%)
y0              = 19534            +/- 0.4588       (0.002349%)
r               = 22.8264          +/- 0.38         (1.665%)


correlation matrix of the fit parameters:

               x0     y0     r      
x0              1.000 
y0             -0.786  1.000 
r               0.848 -0.977  1.000 
